0.0000000000
305.0141836838
300.5360805381
310.8649224342
141.0141836838
325.8588651548
310.2486024796
100.6031808642
294.2701053701
349.7570585421
230.0804207228
80.1856457634
270.7488238041
43.1856457634
324.7271970212
176.0710084029
251.3385216251
289.1397129638
361.0619057806
217.3731179762
196.0959410995
260.4722919398
418.5079748334
507.3125392798
125.4426655610
391.1408512037
359.0491094497
348.3231258473
347.2349032068
387.3551772372
341.3735060126
337.3227961671
250.6959488509
319.1316342828
295.6625844950
201.2486024796
501.7870884755
320.2151881452
318.8636072053
388.1931257427
